# JRE version: OpenJDK Runtime Environment (19.0.2+7) (build 19.0.2+7-44)
# Java VM: OpenJDK 64-Bit Server VM (19.0.2+7-44, mixed mode, sharing, tiered, compressed oops, compressed class ptrs, g1 gc, windows-amd64)
GC Precious Log:
 CardTable entry size: 512
 Card Set container configuration: InlinePtr #cards 5 size 8 Array Of Cards #cards 12 size 40 Howl #buckets 4 coarsen threshold 1843 Howl Bitmap #cards 512 size 80 coarsen threshold 460 Card regions per heap region 1 cards per card region 2048
 CPUs: 2 total, 2 available
 Memory: 6033M
 Large Page Support: Disabled
 NUMA Support: Disabled
 Compressed Oops: Enabled (32-bit)
 Heap Region Size: 1M
 Heap Min Capacity: 8M
 Heap Initial Capacity: 96M
 Heap Max Capacity: 1510M
 Pre-touch: Disabled
 Parallel Workers: 2
 Concurrent Workers: 1
 Concurrent Refinement Workers: 2
 Periodic GC: Disabled
Heap:
 garbage-first heap   total 65536K, used 36825K [0x00000000a1a00000, 0x0000000100000000)
  region size 1024K, 20 young (20480K), 1 survivors (1024K)
 Metaspace       used 48623K, committed 49088K, reserved 1114112K
  class space    used 6309K, committed 6528K, reserved 1048576K
GC Heap History (20 events):
Event: 0.907 GC heap before
{Heap before GC invocations=1 (full 0):
 garbage-first heap   total 98304K, used 7700K [0x00000000a1a00000, 0x0000000100000000)
  region size 1024K, 4 young (4096K), 1 survivors (1024K)
 Metaspace       used 2351K, committed 2496K, reserved 1114112K
  class space    used 191K, committed 256K, reserved 1048576K
}
Event: 0.912 GC heap after
{Heap after GC invocations=2 (full 0):
 garbage-first heap   total 98304K, used 5755K [0x00000000a1a00000, 0x0000000100000000)
  region size 1024K, 1 young (1024K), 1 survivors (1024K)
 Metaspace       used 2351K, committed 2496K, reserved 1114112K
  class space    used 191K, committed 256K, reserved 1048576K
}
Event: 1.509 GC heap before
{Heap before GC invocations=2 (full 0):
 garbage-first heap   total 98304K, used 13947K [0x00000000a1a00000, 0x0000000100000000)
  region size 1024K, 10 young (10240K), 1 survivors (1024K)
 Metaspace       used 4900K, committed 5056K, reserved 1114112K
  class space    used 498K, committed 576K, reserved 1048576K
}
Event: 1.515 GC heap after
{Heap after GC invocations=3 (full 0):
 garbage-first heap   total 98304K, used 6904K [0x00000000a1a00000, 0x0000000100000000)
  region size 1024K, 2 young (2048K), 2 survivors (2048K)
 Metaspace       used 4900K, committed 5056K, reserved 1114112K
  class space    used 498K, committed 576K, reserved 1048576K
}
Event: 3.135 GC heap before
{Heap before GC invocations=3 (full 0):
 garbage-first heap   total 98304K, used 35576K [0x00000000a1a00000, 0x0000000100000000)
  region size 1024K, 31 young (31744K), 2 survivors (2048K)
 Metaspace       used 13225K, committed 13568K, reserved 1114112K
  class space    used 1517K, committed 1664K, reserved 1048576K
}
Event: 3.148 GC heap after
{Heap after GC invocations=4 (full 0):
 garbage-first heap   total 98304K, used 8952K [0x00000000a1a00000, 0x0000000100000000)
  region size 1024K, 4 young (4096K), 4 survivors (4096K)
 Metaspace       used 13225K, committed 13568K, reserved 1114112K
  class space    used 1517K, committed 1664K, reserved 1048576K
}
Event: 6.129 GC heap before
{Heap before GC invocations=4 (full 0):
 garbage-first heap   total 98304K, used 54008K [0x00000000a1a00000, 0x0000000100000000)
  region size 1024K, 50 young (51200K), 4 survivors (4096K)
 Metaspace       used 21221K, committed 21504K, reserved 1114112K
  class space    used 2505K, committed 2624K, reserved 1048576K
}
Event: 6.149 GC heap after
{Heap after GC invocations=5 (full 0):
 garbage-first heap   total 98304K, used 12019K [0x00000000a1a00000, 0x0000000100000000)
  region size 1024K, 7 young (7168K), 7 survivors (7168K)
 Metaspace       used 21221K, committed 21504K, reserved 1114112K
  class space    used 2505K, committed 2624K, reserved 1048576K
}
Event: 7.710 GC heap before
{Heap before GC invocations=6 (full 0):
 garbage-first heap   total 40960K, used 29427K [0x00000000a1a00000, 0x0000000100000000)
  region size 1024K, 24 young (24576K), 7 survivors (7168K)
 Metaspace       used 24919K, committed 25280K, reserved 1114112K
  class space    used 3043K, committed 3200K, reserved 1048576K
}
Event: 7.737 GC heap after
{Heap after GC invocations=7 (full 0):
 garbage-first heap   total 40960K, used 14512K [0x00000000a1a00000, 0x0000000100000000)
  region size 1024K, 3 young (3072K), 3 survivors (3072K)
 Metaspace       used 24919K, committed 25280K, reserved 1114112K
  class space    used 3043K, committed 3200K, reserved 1048576K
}
Event: 7.793 GC heap before
{Heap before GC invocations=7 (full 0):
 garbage-first heap   total 40960K, used 15536K [0x00000000a1a00000, 0x0000000100000000)
  region size 1024K, 4 young (4096K), 3 survivors (3072K)
 Metaspace       used 25216K, committed 25472K, reserved 1114112K
  class space    used 3073K, committed 3200K, reserved 1048576K
}
Event: 7.806 GC heap after
{Heap after GC invocations=8 (full 0):
 garbage-first heap   total 40960K, used 14853K [0x00000000a1a00000, 0x0000000100000000)
  region size 1024K, 1 young (1024K), 1 survivors (1024K)
 Metaspace       used 25216K, committed 25472K, reserved 1114112K
  class space    used 3073K, committed 3200K, reserved 1048576K
}
Event: 9.107 GC heap before
{Heap before GC invocations=8 (full 0):
 garbage-first heap   total 40960K, used 28165K [0x00000000a1a00000, 0x0000000100000000)
  region size 1024K, 15 young (15360K), 1 survivors (1024K)
 Metaspace       used 27467K, committed 27776K, reserved 1114112K
  class space    used 3305K, committed 3456K, reserved 1048576K
}
Event: 9.114 GC heap after
{Heap after GC invocations=9 (full 0):
 garbage-first heap   total 66560K, used 15583K [0x00000000a1a00000, 0x0000000100000000)
  region size 1024K, 2 young (2048K), 2 survivors (2048K)
 Metaspace       used 27467K, committed 27776K, reserved 1114112K
  class space    used 3305K, committed 3456K, reserved 1048576K
}
Event: 10.805 GC heap before
{Heap before GC invocations=9 (full 0):
 garbage-first heap   total 66560K, used 43231K [0x00000000a1a00000, 0x0000000100000000)
  region size 1024K, 31 young (31744K), 2 survivors (2048K)
 Metaspace       used 35649K, committed 35968K, reserved 1114112K
  class space    used 4319K, committed 4480K, reserved 1048576K
}
Event: 10.818 GC heap after
{Heap after GC invocations=10 (full 0):
 garbage-first heap   total 66560K, used 17762K [0x00000000a1a00000, 0x0000000100000000)
  region size 1024K, 4 young (4096K), 4 survivors (4096K)
 Metaspace       used 35649K, committed 35968K, reserved 1114112K
  class space    used 4319K, committed 4480K, reserved 1048576K
}
Event: 12.780 GC heap before
{Heap before GC invocations=11 (full 0):
 garbage-first heap   total 65536K, used 48482K [0x00000000a1a00000, 0x0000000100000000)
  region size 1024K, 34 young (34816K), 4 survivors (4096K)
 Metaspace       used 45360K, committed 45760K, reserved 1114112K
  class space    used 5874K, committed 6080K, reserved 1048576K
}
Event: 12.794 GC heap after
{Heap after GC invocations=12 (full 0):
 garbage-first heap   total 65536K, used 19526K [0x00000000a1a00000, 0x0000000100000000)
  region size 1024K, 4 young (4096K), 4 survivors (4096K)
 Metaspace       used 45360K, committed 45760K, reserved 1114112K
  class space    used 5874K, committed 6080K, reserved 1048576K
}
Event: 12.832 GC heap before
{Heap before GC invocations=12 (full 0):
 garbage-first heap   total 65536K, used 20550K [0x00000000a1a00000, 0x0000000100000000)
  region size 1024K, 5 young (5120K), 4 survivors (4096K)
 Metaspace       used 45658K, committed 46016K, reserved 1114112K
  class space    used 5912K, committed 6080K, reserved 1048576K
}
Event: 12.843 GC heap after
{Heap after GC invocations=13 (full 0):
 garbage-first heap   total 65536K, used 19417K [0x00000000a1a00000, 0x0000000100000000)
  region size 1024K, 1 young (1024K), 1 survivors (1024K)
 Metaspace       used 45658K, committed 46016K, reserved 1114112K
  class space    used 5912K, committed 6080K, reserved 1048576K
}

