# JRE version: OpenJDK Runtime Environment (19.0.2+7) (build 19.0.2+7-44)
# Java VM: OpenJDK 64-Bit Server VM (19.0.2+7-44, mixed mode, sharing, tiered, compressed oops, compressed class ptrs, g1 gc, windows-amd64)
GC Precious Log:
 CardTable entry size: 512
 Card Set container configuration: InlinePtr #cards 5 size 8 Array Of Cards #cards 12 size 40 Howl #buckets 4 coarsen threshold 1843 Howl Bitmap #cards 512 size 80 coarsen threshold 460 Card regions per heap region 1 cards per card region 2048
 CPUs: 2 total, 2 available
 Memory: 6033M
 Large Page Support: Disabled
 NUMA Support: Disabled
 Compressed Oops: Enabled (32-bit)
 Heap Region Size: 1M
 Heap Min Capacity: 8M
 Heap Initial Capacity: 96M
 Heap Max Capacity: 1510M
 Pre-touch: Disabled
 Parallel Workers: 2
 Concurrent Workers: 1
 Concurrent Refinement Workers: 2
 Periodic GC: Disabled
Heap:
 garbage-first heap   total 54272K, used 22854K [0x00000000a1a00000, 0x0000000100000000)
  region size 1024K, 4 young (4096K), 2 survivors (2048K)
 Metaspace       used 51384K, committed 51840K, reserved 1114112K
  class space    used 6612K, committed 6784K, reserved 1048576K
GC Heap History (20 events):
Event: 6.255 GC heap before
{Heap before GC invocations=5 (full 0):
 garbage-first heap   total 98304K, used 16583K [0x00000000a1a00000, 0x0000000100000000)
  region size 1024K, 11 young (11264K), 5 survivors (5120K)
 Metaspace       used 21196K, committed 21504K, reserved 1114112K
  class space    used 2503K, committed 2688K, reserved 1048576K
}
Event: 6.267 GC heap after
{Heap after GC invocations=6 (full 0):
 garbage-first heap   total 98304K, used 11935K [0x00000000a1a00000, 0x0000000100000000)
  region size 1024K, 4 young (4096K), 4 survivors (4096K)
 Metaspace       used 21196K, committed 21504K, reserved 1114112K
  class space    used 2503K, committed 2688K, reserved 1048576K
}
Event: 7.858 GC heap before
{Heap before GC invocations=7 (full 0):
 garbage-first heap   total 45056K, used 34463K [0x00000000a1a00000, 0x0000000100000000)
  region size 1024K, 26 young (26624K), 4 survivors (4096K)
 Metaspace       used 26368K, committed 26688K, reserved 1114112K
  class space    used 3191K, committed 3328K, reserved 1048576K
}
Event: 7.886 GC heap after
{Heap after GC invocations=8 (full 0):
 garbage-first heap   total 45056K, used 15012K [0x00000000a1a00000, 0x0000000100000000)
  region size 1024K, 4 young (4096K), 4 survivors (4096K)
 Metaspace       used 26368K, committed 26688K, reserved 1114112K
  class space    used 3191K, committed 3328K, reserved 1048576K
}
Event: 7.913 GC heap before
{Heap before GC invocations=8 (full 0):
 garbage-first heap   total 45056K, used 16036K [0x00000000a1a00000, 0x0000000100000000)
  region size 1024K, 5 young (5120K), 4 survivors (4096K)
 Metaspace       used 26412K, committed 26752K, reserved 1114112K
  class space    used 3196K, committed 3328K, reserved 1048576K
}
Event: 7.927 GC heap after
{Heap after GC invocations=9 (full 0):
 garbage-first heap   total 45056K, used 15669K [0x00000000a1a00000, 0x0000000100000000)
  region size 1024K, 1 young (1024K), 1 survivors (1024K)
 Metaspace       used 26412K, committed 26752K, reserved 1114112K
  class space    used 3196K, committed 3328K, reserved 1048576K
}
Event: 8.691 GC heap before
{Heap before GC invocations=9 (full 0):
 garbage-first heap   total 45056K, used 31029K [0x00000000a1a00000, 0x0000000100000000)
  region size 1024K, 17 young (17408K), 1 survivors (1024K)
 Metaspace       used 29693K, committed 30016K, reserved 1114112K
  class space    used 3528K, committed 3712K, reserved 1048576K
}
Event: 8.697 GC heap after
{Heap after GC invocations=10 (full 0):
 garbage-first heap   total 45056K, used 16490K [0x00000000a1a00000, 0x0000000100000000)
  region size 1024K, 2 young (2048K), 2 survivors (2048K)
 Metaspace       used 29693K, committed 30016K, reserved 1114112K
  class space    used 3528K, committed 3712K, reserved 1048576K
}
Event: 9.557 GC heap before
{Heap before GC invocations=10 (full 0):
 garbage-first heap   total 45056K, used 31850K [0x00000000a1a00000, 0x0000000100000000)
  region size 1024K, 18 young (18432K), 2 survivors (2048K)
 Metaspace       used 34192K, committed 34560K, reserved 1114112K
  class space    used 4065K, committed 4224K, reserved 1048576K
}
Event: 9.564 GC heap after
{Heap after GC invocations=11 (full 0):
 garbage-first heap   total 45056K, used 17274K [0x00000000a1a00000, 0x0000000100000000)
  region size 1024K, 3 young (3072K), 3 survivors (3072K)
 Metaspace       used 34192K, committed 34560K, reserved 1114112K
  class space    used 4065K, committed 4224K, reserved 1048576K
}
Event: 9.879 GC heap before
{Heap before GC invocations=11 (full 0):
 garbage-first heap   total 45056K, used 22394K [0x00000000a1a00000, 0x0000000100000000)
  region size 1024K, 9 young (9216K), 3 survivors (3072K)
 Metaspace       used 35659K, committed 35968K, reserved 1114112K
  class space    used 4321K, committed 4480K, reserved 1048576K
}
Event: 9.887 GC heap after
{Heap after GC invocations=12 (full 0):
 garbage-first heap   total 45056K, used 17616K [0x00000000a1a00000, 0x0000000100000000)
  region size 1024K, 2 young (2048K), 2 survivors (2048K)
 Metaspace       used 35659K, committed 35968K, reserved 1114112K
  class space    used 4321K, committed 4480K, reserved 1048576K
}
Event: 10.811 GC heap before
{Heap before GC invocations=13 (full 0):
 garbage-first heap   total 45056K, used 32976K [0x00000000a1a00000, 0x0000000100000000)
  region size 1024K, 18 young (18432K), 2 survivors (2048K)
 Metaspace       used 40881K, committed 41280K, reserved 1114112K
  class space    used 5176K, committed 5376K, reserved 1048576K
}
Event: 10.819 GC heap after
{Heap after GC invocations=14 (full 0):
 garbage-first heap   total 45056K, used 18612K [0x00000000a1a00000, 0x0000000100000000)
  region size 1024K, 3 young (3072K), 3 survivors (3072K)
 Metaspace       used 40881K, committed 41280K, reserved 1114112K
  class space    used 5176K, committed 5376K, reserved 1048576K
}
Event: 10.867 GC heap before
{Heap before GC invocations=14 (full 0):
 garbage-first heap   total 45056K, used 19636K [0x00000000a1a00000, 0x0000000100000000)
  region size 1024K, 4 young (4096K), 3 survivors (3072K)
 Metaspace       used 41283K, committed 41664K, reserved 1114112K
  class space    used 5219K, committed 5376K, reserved 1048576K
}
Event: 10.875 GC heap after
{Heap after GC invocations=15 (full 0):
 garbage-first heap   total 54272K, used 18423K [0x00000000a1a00000, 0x0000000100000000)
  region size 1024K, 1 young (1024K), 1 survivors (1024K)
 Metaspace       used 41283K, committed 41664K, reserved 1114112K
  class space    used 5219K, committed 5376K, reserved 1048576K
}
Event: 12.303 GC heap before
{Heap before GC invocations=15 (full 0):
 garbage-first heap   total 54272K, used 40951K [0x00000000a1a00000, 0x0000000100000000)
  region size 1024K, 24 young (24576K), 1 survivors (1024K)
 Metaspace       used 47136K, committed 47488K, reserved 1114112K
  class space    used 6123K, committed 6272K, reserved 1048576K
}
Event: 12.313 GC heap after
{Heap after GC invocations=16 (full 0):
 garbage-first heap   total 54272K, used 19846K [0x00000000a1a00000, 0x0000000100000000)
  region size 1024K, 2 young (2048K), 2 survivors (2048K)
 Metaspace       used 47136K, committed 47488K, reserved 1114112K
  class space    used 6123K, committed 6272K, reserved 1048576K
}
Event: 54.516 GC heap before
{Heap before GC invocations=16 (full 0):
 garbage-first heap   total 54272K, used 41350K [0x00000000a1a00000, 0x0000000100000000)
  region size 1024K, 24 young (24576K), 2 survivors (2048K)
 Metaspace       used 50950K, committed 51456K, reserved 1114112K
  class space    used 6580K, committed 6784K, reserved 1048576K
}
Event: 54.530 GC heap after
{Heap after GC invocations=17 (full 0):
 garbage-first heap   total 54272K, used 21830K [0x00000000a1a00000, 0x0000000100000000)
  region size 1024K, 2 young (2048K), 2 survivors (2048K)
 Metaspace       used 50950K, committed 51456K, reserved 1114112K
  class space    used 6580K, committed 6784K, reserved 1048576K
}

